[2025-07-29T04:46:50.337+0000] {docker.py:438} INFO - [I 2025-07-29 04:46:50,337] Trial 24 finished with value: 6.346598937790132 and parameters: {'learning_rate': 0.06253849541111639, 'max_depth': 3, 'n_estimators': 267, 'subsample': 0.9997566635608114, 'colsample_bytree': 0.5786608764059163}. Best is trial 18 with value: 6.105003461078671.
[2025-07-29T04:46:50.734+0000] {docker.py:438} INFO - [I 2025-07-29 04:46:50,733] Trial 25 finished with value: 7.558391103421064 and parameters: {'learning_rate': 0.01477641156564899, 'max_depth': 4, 'n_estimators': 164, 'subsample': 0.8433042423461841, 'colsample_bytree': 0.6510532210393939}. Best is trial 18 with value: 6.105003461078671.
[2025-07-29T04:46:50.808+0000] {docker.py:438} INFO - [I 2025-07-29 04:46:50,808] Trial 26 finished with value: 6.265324066291497 and parameters: {'learning_rate': 0.10160280240869089, 'max_depth': 5, 'n_estimators': 65, 'subsample': 0.9465489571410365, 'colsample_bytree': 0.5550192355532022}. Best is trial 18 with value: 6.105003461078671.
[2025-07-29T04:46:51.110+0000] {docker.py:438} INFO - [I 2025-07-29 04:46:51,109] Trial 27 finished with value: 6.55929103455219 and parameters: {'learning_rate': 0.1351463400982299, 'max_depth': 6, 'n_estimators': 218, 'subsample': 0.7221835872181595, 'colsample_bytree': 0.6948638541275951}. Best is trial 18 with value: 6.105003461078671.
[2025-07-29T04:46:51.274+0000] {docker.py:438} INFO - [I 2025-07-29 04:46:51,274] Trial 28 finished with value: 6.530957152400487 and parameters: {'learning_rate': 0.030229024753490374, 'max_depth': 3, 'n_estimators': 248, 'subsample': 0.8920381360549161, 'colsample_bytree': 0.6371738274685004}. Best is trial 18 with value: 6.105003461078671.
[2025-07-29T04:46:51.498+0000] {docker.py:438} INFO - [I 2025-07-29 04:46:51,496] Trial 29 finished with value: 6.2879684561518125 and parameters: {'learning_rate': 0.059730893537510245, 'max_depth': 4, 'n_estimators': 283, 'subsample': 0.846093003434171, 'colsample_bytree': 0.5304475752601698}. Best is trial 18 with value: 6.105003461078671.
[2025-07-29T04:46:55.243+0000] {docker.py:438} INFO - [I 2025-07-29 04:46:55,240] A new study created in memory with name: no-name-de36d88a-63ac-440a-bc24-3b15617251ac
[2025-07-29T04:46:56.612+0000] {docker.py:438} INFO - [I 2025-07-29 04:46:56,606] Trial 0 finished with value: 8.488817471890304 and parameters: {'learning_rate': 0.21832542799737065, 'max_depth': 8, 'n_estimators': 300, 'subsample': 0.673723310874782, 'colsample_bytree': 0.5251823397149323}. Best is trial 0 with value: 8.488817471890304.
[2025-07-29T04:46:58.691+0000] {docker.py:438} INFO - [I 2025-07-29 04:46:58,683] Trial 1 finished with value: 8.126564784051231 and parameters: {'learning_rate': 0.18029833373496149, 'max_depth': 9, 'n_estimators': 281, 'subsample': 0.6139286340843384, 'colsample_bytree': 0.8315267306694651}. Best is trial 1 with value: 8.126564784051231.
[2025-07-29T04:46:58.889+0000] {docker.py:438} INFO - [I 2025-07-29 04:46:58,888] Trial 2 finished with value: 8.865514208171144 and parameters: {'learning_rate': 0.17498575234777317, 'max_depth': 4, 'n_estimators': 200, 'subsample': 0.902243494526753, 'colsample_bytree': 0.6509458852395943}. Best is trial 1 with value: 8.126564784051231.
[2025-07-29T04:46:59.748+0000] {docker.py:438} INFO - [I 2025-07-29 04:46:59,748] Trial 3 finished with value: 8.619670743151104 and parameters: {'learning_rate': 0.08875100928386032, 'max_depth': 10, 'n_estimators': 79, 'subsample': 0.8270500492739126, 'colsample_bytree': 0.7966936992490418}. Best is trial 1 with value: 8.126564784051231.
[2025-07-29T04:46:59.937+0000] {docker.py:438} INFO - [I 2025-07-29 04:46:59,936] Trial 4 finished with value: 8.450054855997122 and parameters: {'learning_rate': 0.12314721142400238, 'max_depth': 6, 'n_estimators': 154, 'subsample': 0.5413131188551672, 'colsample_bytree': 0.6827431658681603}. Best is trial 1 with value: 8.126564784051231.
[2025-07-29T04:47:00.137+0000] {docker.py:438} INFO - [I 2025-07-29 04:47:00,137] Trial 5 finished with value: 9.201860938286744 and parameters: {'learning_rate': 0.04997177373964168, 'max_depth': 4, 'n_estimators': 227, 'subsample': 0.9485574840662083, 'colsample_bytree': 0.7686166717244107}. Best is trial 1 with value: 8.126564784051231.
[2025-07-29T04:47:00.194+0000] {docker.py:438} INFO - [I 2025-07-29 04:47:00,194] Trial 6 finished with value: 9.032898996992195 and parameters: {'learning_rate': 0.21890338467511844, 'max_depth': 4, 'n_estimators': 71, 'subsample': 0.9307335293431318, 'colsample_bytree': 0.9983183688307316}. Best is trial 1 with value: 8.126564784051231.
[2025-07-29T04:47:00.567+0000] {docker.py:438} INFO - [I 2025-07-29 04:47:00,566] Trial 7 finished with value: 8.792689448111958 and parameters: {'learning_rate': 0.15165479502859794, 'max_depth': 8, 'n_estimators': 135, 'subsample': 0.9960229731728958, 'colsample_bytree': 0.9985480665043274}. Best is trial 1 with value: 8.126564784051231.
[2025-07-29T04:47:00.968+0000] {docker.py:438} INFO - [I 2025-07-29 04:47:00,968] Trial 8 finished with value: 8.515928453928884 and parameters: {'learning_rate': 0.13461056959992818, 'max_depth': 8, 'n_estimators': 136, 'subsample': 0.9255955384394323, 'colsample_bytree': 0.8942532124774384}. Best is trial 1 with value: 8.126564784051231.
[2025-07-29T04:47:01.209+0000] {docker.py:438} INFO - [I 2025-07-29 04:47:01,208] Trial 9 finished with value: 8.736109173699232 and parameters: {'learning_rate': 0.09879640176469419, 'max_depth': 5, 'n_estimators': 218, 'subsample': 0.6372728604071778, 'colsample_bytree': 0.7415831098045522}. Best is trial 1 with value: 8.126564784051231.
[2025-07-29T04:47:03.974+0000] {docker.py:438} INFO - [I 2025-07-29 04:47:03,969] Trial 10 finished with value: 8.429329159344874 and parameters: {'learning_rate': 0.25785747042812995, 'max_depth': 10, 'n_estimators': 295, 'subsample': 0.5121679527926789, 'colsample_bytree': 0.8633887389120866}. Best is trial 1 with value: 8.126564784051231.
[2025-07-29T04:47:06.073+0000] {docker.py:438} INFO - [I 2025-07-29 04:47:06,071] Trial 11 finished with value: 9.16419843740422 and parameters: {'learning_rate': 0.2974271171391311, 'max_depth': 10, 'n_estimators': 296, 'subsample': 0.5006303443622713, 'colsample_bytree': 0.8778668672948294}. Best is trial 1 with value: 8.126564784051231.
[2025-07-29T04:47:07.136+0000] {docker.py:438} INFO - [I 2025-07-29 04:47:07,135] Trial 12 finished with value: 8.99211467118743 and parameters: {'learning_rate': 0.29434657832693545, 'max_depth': 9, 'n_estimators': 264, 'subsample': 0.607305148517493, 'colsample_bytree': 0.8729385133432233}. Best is trial 1 with value: 8.126564784051231.
[2025-07-29T04:47:08.896+0000] {docker.py:438} INFO - [I 2025-07-29 04:47:08,895] Trial 13 finished with value: 8.630557947011255 and parameters: {'learning_rate': 0.23898764062745223, 'max_depth': 10, 'n_estimators': 263, 'subsample': 0.7528774666380638, 'colsample_bytree': 0.8271557152124226}. Best is trial 1 with value: 8.126564784051231.
[2025-07-29T04:47:09.594+0000] {docker.py:438} INFO - [I 2025-07-29 04:47:09,592] Trial 14 finished with value: 8.058780709977123 and parameters: {'learning_rate': 0.1890149095491494, 'max_depth': 7, 'n_estimators': 253, 'subsample': 0.5758866914192781, 'colsample_bytree': 0.9301202557602477}. Best is trial 14 with value: 8.058780709977123.
[2025-07-29T04:47:10.384+0000] {docker.py:438} INFO - [I 2025-07-29 04:47:10,383] Trial 15 finished with value: 8.250615686072237 and parameters: {'learning_rate': 0.19134907582800328, 'max_depth': 7, 'n_estimators': 248, 'subsample': 0.7083386446499952, 'colsample_bytree': 0.938534205838754}. Best is trial 14 with value: 8.058780709977123.
[2025-07-29T04:47:10.789+0000] {docker.py:438} INFO - [I 2025-07-29 04:47:10,788] Trial 16 finished with value: 12.297966539879578 and parameters: {'learning_rate': 0.013414111416381574, 'max_depth': 6, 'n_estimators': 178, 'subsample': 0.5963706556814495, 'colsample_bytree': 0.9377869285206717}. Best is trial 14 with value: 8.058780709977123.
[2025-07-29T04:47:11.204+0000] {docker.py:438} INFO - [I 2025-07-29 04:47:11,203] Trial 17 finished with value: 8.274196004425084 and parameters: {'learning_rate': 0.19142433825223634, 'max_depth': 7, 'n_estimators': 244, 'subsample': 0.7727986505255683, 'colsample_bytree': 0.7004834831475217}. Best is trial 14 with value: 8.058780709977123.
[2025-07-29T04:47:12.112+0000] {docker.py:438} INFO - [I 2025-07-29 04:47:12,110] Trial 18 finished with value: 8.294124122652377 and parameters: {'learning_rate': 0.17219277774194866, 'max_depth': 9, 'n_estimators': 266, 'subsample': 0.5717561387087278, 'colsample_bytree': 0.606128468077058}. Best is trial 14 with value: 8.058780709977123.
[2025-07-29T04:47:12.470+0000] {docker.py:438} INFO - [I 2025-07-29 04:47:12,469] Trial 19 finished with value: 9.031393669046752 and parameters: {'learning_rate': 0.26273178853880613, 'max_depth': 3, 'n_estimators': 200, 'subsample': 0.6644086788062563, 'colsample_bytree': 0.9490307297926204}. Best is trial 14 with value: 8.058780709977123.
[2025-07-29T04:47:12.983+0000] {docker.py:438} INFO - [I 2025-07-29 04:47:12,982] Trial 20 finished with value: 8.292163142885014 and parameters: {'learning_rate': 0.10016032850982216, 'max_depth': 9, 'n_estimators': 104, 'subsample': 0.8071643512230738, 'colsample_bytree': 0.8010658661872427}. Best is trial 14 with value: 8.058780709977123.
[2025-07-29T04:47:13.544+0000] {docker.py:438} INFO - [I 2025-07-29 04:47:13,543] Trial 21 finished with value: 7.8700780145797085 and parameters: {'learning_rate': 0.19860875509768766, 'max_depth': 7, 'n_estimators': 245, 'subsample': 0.6965160761584508, 'colsample_bytree': 0.9448644016539884}. Best is trial 21 with value: 7.8700780145797085.
[2025-07-29T04:47:14.200+0000] {docker.py:438} INFO - [I 2025-07-29 04:47:14,200] Trial 22 finished with value: 7.887272377515416 and parameters: {'learning_rate': 0.212819734096758, 'max_depth': 7, 'n_estimators': 278, 'subsample': 0.6928177078223502, 'colsample_bytree': 0.917554189822375}. Best is trial 21 with value: 7.8700780145797085.
[2025-07-29T04:47:15.008+0000] {docker.py:438} INFO - [I 2025-07-29 04:47:15,008] Trial 23 finished with value: 8.014886167325134 and parameters: {'learning_rate': 0.2123111493105768, 'max_depth': 7, 'n_estimators': 231, 'subsample': 0.7012047367389275, 'colsample_bytree': 0.9210366340506412}. Best is trial 21 with value: 7.8700780145797085.
[2025-07-29T04:47:15.376+0000] {docker.py:438} INFO - [I 2025-07-29 04:47:15,375] Trial 24 finished with value: 8.035050851513224 and parameters: {'learning_rate': 0.2181595003123497, 'max_depth': 6, 'n_estimators': 232, 'subsample': 0.7180039145264678, 'colsample_bytree': 0.9631098768210294}. Best is trial 21 with value: 7.8700780145797085.
[2025-07-29T04:47:15.842+0000] {docker.py:438} INFO - [I 2025-07-29 04:47:15,838] Trial 25 finished with value: 8.627726007781366 and parameters: {'learning_rate': 0.24496905489317905, 'max_depth': 5, 'n_estimators': 198, 'subsample': 0.704042015217485, 'colsample_bytree': 0.9046487862317738}. Best is trial 21 with value: 7.8700780145797085.
[2025-07-29T04:47:16.366+0000] {docker.py:438} INFO - [I 2025-07-29 04:47:16,366] Trial 26 finished with value: 8.2268212115688 and parameters: {'learning_rate': 0.22030062542468629, 'max_depth': 7, 'n_estimators': 215, 'subsample': 0.8001747476964145, 'colsample_bytree': 0.851410835976857}. Best is trial 21 with value: 7.8700780145797085.
[2025-07-29T04:47:17.246+0000] {docker.py:438} INFO - [I 2025-07-29 04:47:17,244] Trial 27 finished with value: 8.74539923973125 and parameters: {'learning_rate': 0.2729617376390846, 'max_depth': 8, 'n_estimators': 169, 'subsample': 0.8709108567129045, 'colsample_bytree': 0.9719040470644499}. Best is trial 21 with value: 7.8700780145797085.
[2025-07-29T04:47:18.121+0000] {docker.py:438} INFO - [I 2025-07-29 04:47:18,117] Trial 28 finished with value: 7.948494825777272 and parameters: {'learning_rate': 0.20623189208760176, 'max_depth': 5, 'n_estimators': 273, 'subsample': 0.661920193724575, 'colsample_bytree': 0.9166905758612163}. Best is trial 21 with value: 7.8700780145797085.
[2025-07-29T04:47:18.501+0000] {docker.py:438} INFO - [I 2025-07-29 04:47:18,500] Trial 29 finished with value: 8.6497190217803 and parameters: {'learning_rate': 0.15914359891855184, 'max_depth': 5, 'n_estimators': 280, 'subsample': 0.6584234912925492, 'colsample_bytree': 0.5380052031038667}. Best is trial 21 with value: 7.8700780145797085.
[2025-07-29T04:47:30.022+0000] {docker.py:438} INFO - 62%|============        | 1301/2088 [00:11<00:06]
[2025-07-29T04:47:31.008+0000] {docker.py:438} INFO - 68%|==============      | 1418/2088 [00:12<00:05]
[2025-07-29T04:47:32.008+0000] {docker.py:438} INFO - 75%|===============     | 1556/2088 [00:13<00:04]
[2025-07-29T04:47:33.002+0000] {docker.py:438} INFO - 80%|================    | 1680/2088 [00:14<00:03]
[2025-07-29T04:47:34.002+0000] {docker.py:438} INFO - 85%|=================   | 1784/2088 [00:15<00:02]
[2025-07-29T04:47:35.006+0000] {docker.py:438} INFO - 92%|==================  | 1921/2088 [00:16<00:01]
[2025-07-29T04:47:36.004+0000] {docker.py:438} INFO - 99%|===================| 2057/2088 [00:17<00:00]
[2025-07-29T04:47:36.866+0000] {docker.py:438} INFO - 🚀 Starting NO₂ prediction pipeline
[2025-07-29T04:47:36.867+0000] {docker.py:438} INFO -
[2025-07-29T04:47:36.867+0000] {docker.py:438} INFO - 1) Loading & preprocessing data...
[2025-07-29T04:47:36.868+0000] {docker.py:438} INFO -    ➤ Combined dataframe shape: (19256, 57)
[2025-07-29T04:47:36.868+0000] {docker.py:438} INFO - 2) Engineering lag, time, and HUC features...
[2025-07-29T04:47:36.868+0000] {docker.py:438} INFO -    ➤ After feature engineering: (19140, 60)
[2025-07-29T04:47:36.868+0000] {docker.py:438} INFO -
[2025-07-29T04:47:36.868+0000] {docker.py:438} INFO - 3) Splitting into pandemic periods...
[2025-07-29T04:47:36.868+0000] {docker.py:438} INFO -
[2025-07-29T04:47:36.868+0000] {docker.py:438} INFO - 🔹 Period: pre-pandemic
[2025-07-29T04:47:36.868+0000] {docker.py:438} INFO -    • Train shape: (3596, 60), Val shape: (928, 60)
[2025-07-29T04:47:36.869+0000] {docker.py:438} INFO -    • Naive baseline...
[2025-07-29T04:47:36.869+0000] {docker.py:438} INFO -       ↳ Naive metrics: {'MAE': 2.021372510072795, 'RMSE': 5.758001707692436, 'SMAPE': np.float64(3.3852697239057647)}
[2025-07-29T04:47:36.869+0000] {docker.py:438} INFO -    • Training XGBoost with Optuna...
[2025-07-29T04:47:36.869+0000] {docker.py:438} INFO -       ↳ XGBoost metrics: {'MAE': 6.079611159644581, 'RMSE': 9.969110286382808, 'SMAPE': np.float64(11.134470955685654)}
[2025-07-29T04:47:36.869+0000] {docker.py:438} INFO -       ↳ Top 10 SHAP features:
[2025-07-29T04:47:36.869+0000] {docker.py:438} INFO -          • month_num: 6.2400
[2025-07-29T04:47:36.869+0000] {docker.py:438} INFO -          • huc: 5.2267
[2025-07-29T04:47:36.870+0000] {docker.py:438} INFO -          • hiking_outdoor_trailheads: 2.7461
[2025-07-29T04:47:36.870+0000] {docker.py:438} INFO -          • public_transportation_non_terminals: 1.6788
[2025-07-29T04:47:36.870+0000] {docker.py:438} INFO -          • art_galleries_exhibition_halls: 1.3711
[2025-07-29T04:47:36.870+0000] {docker.py:438} INFO -          • hospitality_accommodation: 1.2069
[2025-07-29T04:47:36.870+0000] {docker.py:438} INFO -          • residential_buildings: 1.1132
[2025-07-29T04:47:36.870+0000] {docker.py:438} INFO -          • building_count: 1.0814
[2025-07-29T04:47:36.870+0000] {docker.py:438} INFO -          • pu_fuel_gas: 0.8503
[2025-07-29T04:47:36.871+0000] {docker.py:438} INFO -          • educational_support_research: 0.7473
[2025-07-29T04:47:36.871+0000] {docker.py:438} INFO -
[2025-07-29T04:47:36.871+0000] {docker.py:438} INFO - 🔹 Period: during-pandemic
[2025-07-29T04:47:36.871+0000] {docker.py:438} INFO -    • Train shape: (3944, 60), Val shape: (1160, 60)
[2025-07-29T04:47:36.871+0000] {docker.py:438} INFO -    • Naive baseline...
[2025-07-29T04:47:36.871+0000] {docker.py:438} INFO -       ↳ Naive metrics: {'MAE': 1.4986730644127548, 'RMSE': 3.5095827363302794, 'SMAPE': np.float64(2.439400454902389)}
[2025-07-29T04:47:36.871+0000] {docker.py:438} INFO -    • Training XGBoost with Optuna...
[2025-07-29T04:47:36.872+0000] {docker.py:438} INFO -       ↳ XGBoost metrics: {'MAE': 3.4148130698295547, 'RMSE': 4.938701814619363, 'SMAPE': np.float64(6.105003461078671)}
[2025-07-29T04:47:36.872+0000] {docker.py:438} INFO -       ↳ Top 10 SHAP features:
[2025-07-29T04:47:36.872+0000] {docker.py:438} INFO -          • huc: 3.1276
[2025-07-29T04:47:36.872+0000] {docker.py:438} INFO -          • public_transportation_non_terminals: 2.9207
[2025-07-29T04:47:36.872+0000] {docker.py:438} INFO -          • hiking_outdoor_trailheads: 2.6754
[2025-07-29T04:47:36.872+0000] {docker.py:438} INFO -          • waste_management_recycling: 2.4611
[2025-07-29T04:47:36.872+0000] {docker.py:438} INFO -          • educational_support_research: 1.5694
[2025-07-29T04:47:36.872+0000] {docker.py:438} INFO -          • agricultural_farming_facilities: 1.5345
[2025-07-29T04:47:36.873+0000] {docker.py:438} INFO -          • government_administrative_buildings: 1.1642
[2025-07-29T04:47:36.873+0000] {docker.py:438} INFO -          • hospitality_accommodation: 1.0747
[2025-07-29T04:47:36.873+0000] {docker.py:438} INFO -          • month_num: 1.0182
[2025-07-29T04:47:36.873+0000] {docker.py:438} INFO -          • educational_institutions: 0.9009
[2025-07-29T04:47:36.873+0000] {docker.py:438} INFO -
[2025-07-29T04:47:36.873+0000] {docker.py:438} INFO - 🔹 Period: post-pandemic
[2025-07-29T04:47:36.873+0000] {docker.py:438} INFO -    • Train shape: (7424, 60), Val shape: (2088, 60)
[2025-07-29T04:47:36.873+0000] {docker.py:438} INFO -    • Naive baseline...
[2025-07-29T04:47:36.874+0000] {docker.py:438} INFO -       ↳ Naive metrics: {'MAE': 2.190517189947983, 'RMSE': 5.375156934413652, 'SMAPE': np.float64(3.678417236973771)}
[2025-07-29T04:47:36.874+0000] {docker.py:438} INFO -    • Training XGBoost with Optuna...
[2025-07-29T04:47:36.874+0000] {docker.py:438} INFO -       ↳ XGBoost metrics: {'MAE': 4.380753094206845, 'RMSE': 7.118957233481445, 'SMAPE': np.float64(7.8700780145797085)}
[2025-07-29T04:47:36.874+0000] {docker.py:438} INFO -       ↳ Top 10 SHAP features:
[2025-07-29T04:47:36.874+0000] {docker.py:438} INFO -          • waste_management_recycling: 5.5624
[2025-07-29T04:47:36.874+0000] {docker.py:438} INFO -          • educational_institutions: 5.3267
[2025-07-29T04:47:36.874+0000] {docker.py:438} INFO -          • month_num: 3.4986
[2025-07-29T04:47:36.874+0000] {docker.py:438} INFO -          • pu_storage_eq: 1.8729
[2025-07-29T04:47:36.875+0000] {docker.py:438} INFO -          • hiking_outdoor_trailheads: 1.5519
[2025-07-29T04:47:36.875+0000] {docker.py:438} INFO -          • educational_support_research: 1.0566
[2025-07-29T04:47:36.875+0000] {docker.py:438} INFO -          • animal_veterinary_services: 0.8432
[2025-07-29T04:47:36.875+0000] {docker.py:438} INFO -          • huc: 0.8177
[2025-07-29T04:47:36.875+0000] {docker.py:438} INFO -          • parking_vehicle_services: 0.7267
[2025-07-29T04:47:36.875+0000] {docker.py:438} INFO -          • government_administrative_buildings: 0.6325
[2025-07-29T04:47:36.875+0000] {docker.py:438} INFO -
[2025-07-29T04:47:36.875+0000] {docker.py:438} INFO - ✅ All periods processed. Summary:
[2025-07-29T04:47:36.876+0000] {docker.py:438} INFO -                  naive_MAE  naive_RMSE  naive_SMAPE (%)  xgb_MAE  xgb_RMSE  xgb_SMAPE (%)
[2025-07-29T04:47:36.876+0000] {docker.py:438} INFO - pre-pandemic         2.021       5.758            3.385    6.080     9.969         11.134
[2025-07-29T04:47:36.876+0000] {docker.py:438} INFO - during-pandemic      1.499       3.510            2.439    3.415     4.939          6.105
[2025-07-29T04:47:36.876+0000] {docker.py:438} INFO - post-pandemic        2.191       5.375            3.678    4.381     7.119          7.870
[2025-07-29T04:47:36.876+0000] {docker.py:438} INFO -
[2025-07-29T04:47:36.876+0000] {docker.py:438} INFO - 🎉 Pipeline complete!
[2025-07-29T04:47:37.500+0000] {taskinstance.py:441} INFO - ::group::Post task execution logs
[2025-07-29T04:47:37.539+0000] {taskinstance.py:1206} INFO - Marking task as SUCCESS. dag_id=ml_pipeline_docker, task_id=run_pipeline, run_id=manual__2025-07-29T04:46:01.464331+00:00, execution_date=20250729T044601, start_date=20250729T044603, end_date=20250729T044737
[2025-07-29T04:47:37.589+0000] {local_task_job_runner.py:243} INFO - Task exited with return code 0
[2025-07-29T04:47:37.611+0000] {taskinstance.py:3503} INFO - 0 downstream tasks scheduled from follow-on schedule check
[2025-07-29T04:47:37.611+0000] {local_task_job_runner.py:222} INFO - ::endgroup::
