[2025-07-29T04:46:03.058+0000] {local_task_job_runner.py:120} INFO - ::group::Pre task execution logs
[2025-07-29T04:46:03.110+0000] {taskinstance.py:2076} INFO - Dependencies all met for dep_context=non-requeueable deps ti=<TaskInstance: ml_pipeline_docker.run_pipeline manual__2025-07-29T04:46:01.464331+00:00 [queued]>
[2025-07-29T04:46:03.117+0000] {taskinstance.py:2076} INFO - Dependencies all met for dep_context=requeueable deps ti=<TaskInstance: ml_pipeline_docker.run_pipeline manual__2025-07-29T04:46:01.464331+00:00 [queued]>
[2025-07-29T04:46:03.117+0000] {taskinstance.py:2306} INFO - Starting attempt 1 of 1
[2025-07-29T04:46:03.126+0000] {taskinstance.py:2330} INFO - Executing <Task(DockerOperator): run_pipeline> on 2025-07-29 04:46:01.464331+00:00
[2025-07-29T04:46:03.136+0000] {standard_task_runner.py:90} INFO - Running: ['***', 'tasks', 'run', 'ml_pipeline_docker', 'run_pipeline', 'manual__2025-07-29T04:46:01.464331+00:00', '--job-id', '4', '--raw', '--subdir', 'DAGS_FOLDER/ml_pipeline_docker.py', '--cfg-path', '/tmp/tmp_vzl5sq3']
[2025-07-29T04:46:03.141+0000] {logging_mixin.py:188} WARNING - /home/***/.local/lib/python3.12/site-packages/***/task/task_runner/standard_task_runner.py:62 DeprecationWarning: This process (pid=200) is multi-threaded, use of fork() may lead to deadlocks in the child.
[2025-07-29T04:46:03.141+0000] {standard_task_runner.py:91} INFO - Job 4: Subtask run_pipeline
[2025-07-29T04:46:03.142+0000] {standard_task_runner.py:64} INFO - Started process 201 to run task
[2025-07-29T04:46:03.158+0000] {logging_mixin.py:188} WARNING - /home/***/.local/lib/python3.12/site-packages/***/settings.py:195 DeprecationWarning: The sql_alchemy_conn option in [core] has been moved to the sql_alchemy_conn option in [database] - the old setting has been used, but please update your config.
[2025-07-29T04:46:03.181+0000] {task_command.py:426} INFO - Running <TaskInstance: ml_pipeline_docker.run_pipeline manual__2025-07-29T04:46:01.464331+00:00 [running]> on host 27a057d5fe3a
[2025-07-29T04:46:03.247+0000] {taskinstance.py:2648} INFO - Exporting env vars: AIRFLOW_CTX_DAG_OWNER='***' AIRFLOW_CTX_DAG_ID='ml_pipeline_docker' AIRFLOW_CTX_TASK_ID='run_pipeline' AIRFLOW_CTX_EXECUTION_DATE='2025-07-29T04:46:01.464331+00:00' AIRFLOW_CTX_TRY_NUMBER='1' AIRFLOW_CTX_DAG_RUN_ID='manual__2025-07-29T04:46:01.464331+00:00'
[2025-07-29T04:46:03.247+0000] {taskinstance.py:430} INFO - ::endgroup::
[2025-07-29T04:46:03.395+0000] {docker.py:367} INFO - Starting docker container from image ac112e6b40ed278155f9ba01f3d16c384cac5674e1cea62f7c67f4cda328a01b-ml-pipeline
[2025-07-29T04:46:03.421+0000] {docker.py:375} WARNING - Using remote engine or docker-in-docker and mounting temporary volume from host is not supported. Falling back to `mount_tmp_dir=False` mode. You can set `mount_tmp_dir` parameter to False to disable mounting and remove the warning
[2025-07-29T04:46:24.862+0000] {docker.py:438} INFO - [I 2025-07-29 04:46:24,852] A new study created in memory with name: no-name-c0715d7a-9cf8-48f2-9b12-33dcbe31028c
[2025-07-29T04:46:25.890+0000] {docker.py:438} INFO - [I 2025-07-29 04:46:25,889] Trial 0 finished with value: 15.135303628093968 and parameters: {'learning_rate': 0.025175323754870752, 'max_depth': 10, 'n_estimators': 168, 'subsample': 0.5649860997915896, 'colsample_bytree': 0.5994991966440939}. Best is trial 0 with value: 15.135303628093968.
[2025-07-29T04:46:27.036+0000] {docker.py:438} INFO - [I 2025-07-29 04:46:27,031] Trial 1 finished with value: 13.78076733309292 and parameters: {'learning_rate': 0.025398575591493208, 'max_depth': 8, 'n_estimators': 244, 'subsample': 0.9066494005287904, 'colsample_bytree': 0.9288899418314378}. Best is trial 1 with value: 13.78076733309292.
[2025-07-29T04:46:27.196+0000] {docker.py:438} INFO - [I 2025-07-29 04:46:27,196] Trial 2 finished with value: 11.771415916048749 and parameters: {'learning_rate': 0.27903081378757, 'max_depth': 5, 'n_estimators': 183, 'subsample': 0.9390722952832968, 'colsample_bytree': 0.9818057963288508}. Best is trial 2 with value: 11.771415916048749.
[2025-07-29T04:46:27.245+0000] {docker.py:438} INFO - [I 2025-07-29 04:46:27,245] Trial 3 finished with value: 14.971753651522175 and parameters: {'learning_rate': 0.12311578945297297, 'max_depth': 4, 'n_estimators': 81, 'subsample': 0.8436272919569502, 'colsample_bytree': 0.8293899906839842}. Best is trial 2 with value: 11.771415916048749.
[2025-07-29T04:46:27.970+0000] {docker.py:438} INFO - [I 2025-07-29 04:46:27,968] Trial 4 finished with value: 11.861173509318803 and parameters: {'learning_rate': 0.16250826503018478, 'max_depth': 7, 'n_estimators': 205, 'subsample': 0.6825491093019953, 'colsample_bytree': 0.7625493648823003}. Best is trial 2 with value: 11.771415916048749.
[2025-07-29T04:46:29.396+0000] {docker.py:438} INFO - [I 2025-07-29 04:46:29,394] Trial 5 finished with value: 12.874995575133935 and parameters: {'learning_rate': 0.18284113721209405, 'max_depth': 10, 'n_estimators': 299, 'subsample': 0.5912642253009905, 'colsample_bytree': 0.5888323160971103}. Best is trial 2 with value: 11.771415916048749.
[2025-07-29T04:46:29.557+0000] {docker.py:438} INFO - [I 2025-07-29 04:46:29,556] Trial 6 finished with value: 15.115731327413561 and parameters: {'learning_rate': 0.06487307039816857, 'max_depth': 7, 'n_estimators': 82, 'subsample': 0.6133400542324718, 'colsample_bytree': 0.7562002077812389}. Best is trial 2 with value: 11.771415916048749.
[2025-07-29T04:46:29.648+0000] {docker.py:438} INFO - [I 2025-07-29 04:46:29,647] Trial 7 finished with value: 13.415482151970942 and parameters: {'learning_rate': 0.24123805289891548, 'max_depth': 6, 'n_estimators': 58, 'subsample': 0.7118582972764835, 'colsample_bytree': 0.7502379605498932}. Best is trial 2 with value: 11.771415916048749.
[2025-07-29T04:46:29.925+0000] {docker.py:438} INFO - [I 2025-07-29 04:46:29,924] Trial 8 finished with value: 11.785834277957408 and parameters: {'learning_rate': 0.24960776531471696, 'max_depth': 5, 'n_estimators': 281, 'subsample': 0.7474108589319346, 'colsample_bytree': 0.7279053932362292}. Best is trial 2 with value: 11.771415916048749.
[2025-07-29T04:46:31.181+0000] {docker.py:438} INFO - [I 2025-07-29 04:46:31,178] Trial 9 finished with value: 12.496484706770563 and parameters: {'learning_rate': 0.2206167509790364, 'max_depth': 10, 'n_estimators': 282, 'subsample': 0.5019854337005556, 'colsample_bytree': 0.6332522250965051}. Best is trial 2 with value: 11.771415916048749.
[2025-07-29T04:46:31.259+0000] {docker.py:438} INFO - [I 2025-07-29 04:46:31,258] Trial 10 finished with value: 12.80205233409591 and parameters: {'learning_rate': 0.2793216604334105, 'max_depth': 3, 'n_estimators': 150, 'subsample': 0.9906376020425383, 'colsample_bytree': 0.9932722318488398}. Best is trial 2 with value: 11.771415916048749.
[2025-07-29T04:46:31.423+0000] {docker.py:438} INFO - [I 2025-07-29 04:46:31,423] Trial 11 finished with value: 11.451408664802827 and parameters: {'learning_rate': 0.2908166067487825, 'max_depth': 5, 'n_estimators': 230, 'subsample': 0.809010265826191, 'colsample_bytree': 0.8737392883573053}. Best is trial 11 with value: 11.451408664802827.
[2025-07-29T04:46:31.594+0000] {docker.py:438} INFO - [I 2025-07-29 04:46:31,593] Trial 12 finished with value: 11.26168164980007 and parameters: {'learning_rate': 0.2901847125873164, 'max_depth': 5, 'n_estimators': 212, 'subsample': 0.8392638104172606, 'colsample_bytree': 0.8999492258048868}. Best is trial 12 with value: 11.26168164980007.
[2025-07-29T04:46:31.688+0000] {docker.py:438} INFO - [I 2025-07-29 04:46:31,688] Trial 13 finished with value: 12.877201635119645 and parameters: {'learning_rate': 0.2964116613208345, 'max_depth': 3, 'n_estimators': 225, 'subsample': 0.8350008889502716, 'colsample_bytree': 0.8757362996171877}. Best is trial 12 with value: 11.26168164980007.
[2025-07-29T04:46:31.790+0000] {docker.py:438} INFO - [I 2025-07-29 04:46:31,789] Trial 14 finished with value: 12.688216625627854 and parameters: {'learning_rate': 0.19176450656508762, 'max_depth': 5, 'n_estimators': 133, 'subsample': 0.805621649761472, 'colsample_bytree': 0.8591140494131733}. Best is trial 12 with value: 11.26168164980007.
[2025-07-29T04:46:32.085+0000] {docker.py:438} INFO - [I 2025-07-29 04:46:32,085] Trial 15 finished with value: 12.380456018351724 and parameters: {'learning_rate': 0.1338113538782493, 'max_depth': 6, 'n_estimators': 250, 'subsample': 0.7802857125124764, 'colsample_bytree': 0.9140728769908024}. Best is trial 12 with value: 11.26168164980007.
[2025-07-29T04:46:32.194+0000] {docker.py:438} INFO - [I 2025-07-29 04:46:32,193] Trial 16 finished with value: 12.545721461496944 and parameters: {'learning_rate': 0.22228593004127295, 'max_depth': 4, 'n_estimators': 205, 'subsample': 0.8812495304493575, 'colsample_bytree': 0.5191070815488279}. Best is trial 12 with value: 11.26168164980007.
[2025-07-29T04:46:32.518+0000] {docker.py:438} INFO - [I 2025-07-29 04:46:32,517] Trial 17 finished with value: 12.088373337775723 and parameters: {'learning_rate': 0.29987427871013067, 'max_depth': 8, 'n_estimators': 121, 'subsample': 0.6621046851552493, 'colsample_bytree': 0.8179051813701264}. Best is trial 12 with value: 11.26168164980007.
[2025-07-29T04:46:32.699+0000] {docker.py:438} INFO - [I 2025-07-29 04:46:32,698] Trial 18 finished with value: 11.671524024709248 and parameters: {'learning_rate': 0.2544902951125784, 'max_depth': 4, 'n_estimators': 251, 'subsample': 0.7366927650602715, 'colsample_bytree': 0.9234812078827026}. Best is trial 12 with value: 11.26168164980007.
[2025-07-29T04:46:32.927+0000] {docker.py:438} INFO - [I 2025-07-29 04:46:32,927] Trial 19 finished with value: 12.327984503864956 and parameters: {'learning_rate': 0.20984973255871436, 'max_depth': 6, 'n_estimators': 195, 'subsample': 0.9631259614876477, 'colsample_bytree': 0.8079632649382079}. Best is trial 12 with value: 11.26168164980007.
[2025-07-29T04:46:33.730+0000] {docker.py:438} INFO - [I 2025-07-29 04:46:33,730] Trial 20 finished with value: 12.764494300678802 and parameters: {'learning_rate': 0.10775242396990636, 'max_depth': 8, 'n_estimators': 227, 'subsample': 0.8819692230658202, 'colsample_bytree': 0.6920192391158728}. Best is trial 12 with value: 11.26168164980007.
[2025-07-29T04:46:33.947+0000] {docker.py:438} INFO - [I 2025-07-29 04:46:33,946] Trial 21 finished with value: 12.462623157516797 and parameters: {'learning_rate': 0.2580385738348214, 'max_depth': 4, 'n_estimators': 256, 'subsample': 0.7557469010411361, 'colsample_bytree': 0.9343226984767989}. Best is trial 12 with value: 11.26168164980007.
[2025-07-29T04:46:34.086+0000] {docker.py:438} INFO - [I 2025-07-29 04:46:34,086] Trial 22 finished with value: 11.968680704817727 and parameters: {'learning_rate': 0.26806987936062077, 'max_depth': 4, 'n_estimators': 225, 'subsample': 0.8303358999905803, 'colsample_bytree': 0.8793872300990967}. Best is trial 12 with value: 11.26168164980007.
[2025-07-29T04:46:34.378+0000] {docker.py:438} INFO - [I 2025-07-29 04:46:34,378] Trial 23 finished with value: 11.353708769258166 and parameters: {'learning_rate': 0.2390273504072194, 'max_depth': 5, 'n_estimators': 266, 'subsample': 0.72393910986868, 'colsample_bytree': 0.9491929660120505}. Best is trial 12 with value: 11.26168164980007.
[2025-07-29T04:46:34.701+0000] {docker.py:438} INFO - [I 2025-07-29 04:46:34,701] Trial 24 finished with value: 11.134470955685654 and parameters: {'learning_rate': 0.23163887042719092, 'max_depth': 5, 'n_estimators': 280, 'subsample': 0.7949500976987075, 'colsample_bytree': 0.9636523574156648}. Best is trial 24 with value: 11.134470955685654.
[2025-07-29T04:46:35.053+0000] {docker.py:438} INFO - [I 2025-07-29 04:46:35,052] Trial 25 finished with value: 11.540749680658356 and parameters: {'learning_rate': 0.23586336350300705, 'max_depth': 6, 'n_estimators': 274, 'subsample': 0.7776502826002752, 'colsample_bytree': 0.9642121652063017}. Best is trial 24 with value: 11.134470955685654.
[2025-07-29T04:46:35.587+0000] {docker.py:438} INFO - [I 2025-07-29 04:46:35,586] Trial 26 finished with value: 11.587889196127268 and parameters: {'learning_rate': 0.2011430043018851, 'max_depth': 5, 'n_estimators': 297, 'subsample': 0.6988503467027398, 'colsample_bytree': 0.9991606656274361}. Best is trial 24 with value: 11.134470955685654.
[2025-07-29T04:46:36.057+0000] {docker.py:438} INFO - [I 2025-07-29 04:46:36,057] Trial 27 finished with value: 12.192274557853692 and parameters: {'learning_rate': 0.23158029622253595, 'max_depth': 7, 'n_estimators': 264, 'subsample': 0.8755017153687144, 'colsample_bytree': 0.9502886163801635}. Best is trial 24 with value: 11.134470955685654.
[2025-07-29T04:46:36.174+0000] {docker.py:438} INFO - [I 2025-07-29 04:46:36,173] Trial 28 finished with value: 13.378871442239316 and parameters: {'learning_rate': 0.17788031660259893, 'max_depth': 3, 'n_estimators': 271, 'subsample': 0.6559062620583384, 'colsample_bytree': 0.8954544592478361}. Best is trial 24 with value: 11.134470955685654.
[2025-07-29T04:46:36.301+0000] {docker.py:438} INFO - [I 2025-07-29 04:46:36,301] Trial 29 finished with value: 11.564560598092097 and parameters: {'learning_rate': 0.26894757862218294, 'max_depth': 5, 'n_estimators': 172, 'subsample': 0.6381905491595729, 'colsample_bytree': 0.8379575214615861}. Best is trial 24 with value: 11.134470955685654.
[2025-07-29T04:46:41.300+0000] {docker.py:438} INFO - [I 2025-07-29 04:46:41,298] A new study created in memory with name: no-name-0b39cb4f-b226-42a3-b5d8-bea6fb9b645d
[2025-07-29T04:46:41.486+0000] {docker.py:438} INFO - [I 2025-07-29 04:46:41,485] Trial 0 finished with value: 7.000743141804901 and parameters: {'learning_rate': 0.196803247843411, 'max_depth': 5, 'n_estimators': 230, 'subsample': 0.9052564803998793, 'colsample_bytree': 0.7380393623101182}. Best is trial 0 with value: 7.000743141804901.
[2025-07-29T04:46:42.225+0000] {docker.py:438} INFO - [I 2025-07-29 04:46:42,222] Trial 1 finished with value: 6.8408333522105345 and parameters: {'learning_rate': 0.16565648267706665, 'max_depth': 6, 'n_estimators': 284, 'subsample': 0.8296328711926558, 'colsample_bytree': 0.8762842215463974}. Best is trial 1 with value: 6.8408333522105345.
[2025-07-29T04:46:42.827+0000] {docker.py:438} INFO - [I 2025-07-29 04:46:42,824] Trial 2 finished with value: 7.346365336427945 and parameters: {'learning_rate': 0.2058283879662362, 'max_depth': 8, 'n_estimators': 211, 'subsample': 0.5969848729115496, 'colsample_bytree': 0.5433830080425932}. Best is trial 1 with value: 6.8408333522105345.
[2025-07-29T04:46:42.937+0000] {docker.py:438} INFO - [I 2025-07-29 04:46:42,936] Trial 3 finished with value: 6.190324662002239 and parameters: {'learning_rate': 0.05082734087017183, 'max_depth': 3, 'n_estimators': 281, 'subsample': 0.7249891111848993, 'colsample_bytree': 0.5027228028581266}. Best is trial 3 with value: 6.190324662002239.
[2025-07-29T04:46:43.956+0000] {docker.py:438} INFO - [I 2025-07-29 04:46:43,955] Trial 4 finished with value: 6.855296983496001 and parameters: {'learning_rate': 0.09404666667995518, 'max_depth': 10, 'n_estimators': 198, 'subsample': 0.8767651499309878, 'colsample_bytree': 0.6660342756253734}. Best is trial 3 with value: 6.190324662002239.
[2025-07-29T04:46:44.630+0000] {docker.py:438} INFO - [I 2025-07-29 04:46:44,629] Trial 5 finished with value: 6.910986490966724 and parameters: {'learning_rate': 0.13385484446345955, 'max_depth': 10, 'n_estimators': 122, 'subsample': 0.8693022555057891, 'colsample_bytree': 0.8821633750560561}. Best is trial 3 with value: 6.190324662002239.
[2025-07-29T04:46:44.798+0000] {docker.py:438} INFO - [I 2025-07-29 04:46:44,798] Trial 6 finished with value: 6.979424622213163 and parameters: {'learning_rate': 0.16246960959200843, 'max_depth': 5, 'n_estimators': 196, 'subsample': 0.7577588890345271, 'colsample_bytree': 0.9193665816775702}. Best is trial 3 with value: 6.190324662002239.
[2025-07-29T04:46:45.153+0000] {docker.py:438} INFO - [I 2025-07-29 04:46:45,152] Trial 7 finished with value: 7.062154977568312 and parameters: {'learning_rate': 0.1982062992142382, 'max_depth': 9, 'n_estimators': 119, 'subsample': 0.6172684250566567, 'colsample_bytree': 0.6939601385341968}. Best is trial 3 with value: 6.190324662002239.
[2025-07-29T04:46:45.879+0000] {docker.py:438} INFO - [I 2025-07-29 04:46:45,878] Trial 8 finished with value: 7.414489550823856 and parameters: {'learning_rate': 0.2284976007422103, 'max_depth': 10, 'n_estimators': 176, 'subsample': 0.579505978160225, 'colsample_bytree': 0.7147596048722382}. Best is trial 3 with value: 6.190324662002239.
[2025-07-29T04:46:46.310+0000] {docker.py:438} INFO - [I 2025-07-29 04:46:46,309] Trial 9 finished with value: 7.130123991486126 and parameters: {'learning_rate': 0.2908122985516744, 'max_depth': 5, 'n_estimators': 226, 'subsample': 0.9644707101780541, 'colsample_bytree': 0.7440826414747489}. Best is trial 3 with value: 6.190324662002239.
[2025-07-29T04:46:46.363+0000] {docker.py:438} INFO - [I 2025-07-29 04:46:46,362] Trial 10 finished with value: 9.98180158462869 and parameters: {'learning_rate': 0.02615092006004724, 'max_depth': 3, 'n_estimators': 58, 'subsample': 0.7009577731404184, 'colsample_bytree': 0.5524338388199013}. Best is trial 3 with value: 6.190324662002239.
[2025-07-29T04:46:46.518+0000] {docker.py:438} INFO - [I 2025-07-29 04:46:46,517] Trial 11 finished with value: 7.433640608069974 and parameters: {'learning_rate': 0.0118694952469727, 'max_depth': 3, 'n_estimators': 300, 'subsample': 0.7662462458207713, 'colsample_bytree': 0.9993981643328149}. Best is trial 3 with value: 6.190324662002239.
[2025-07-29T04:46:47.084+0000] {docker.py:438} INFO - [I 2025-07-29 04:46:47,083] Trial 12 finished with value: 6.594356396023835 and parameters: {'learning_rate': 0.07697434809305302, 'max_depth': 7, 'n_estimators': 300, 'subsample': 0.6950344305244391, 'colsample_bytree': 0.8420584923819068}. Best is trial 3 with value: 6.190324662002239.
[2025-07-29T04:46:47.787+0000] {docker.py:438} INFO - [I 2025-07-29 04:46:47,785] Trial 13 finished with value: 6.7012429133370786 and parameters: {'learning_rate': 0.07214098934024377, 'max_depth': 7, 'n_estimators': 263, 'subsample': 0.6779093173537531, 'colsample_bytree': 0.8310584071928355}. Best is trial 3 with value: 6.190324662002239.
[2025-07-29T04:46:48.157+0000] {docker.py:438} INFO - [I 2025-07-29 04:46:48,156] Trial 14 finished with value: 6.899450338634892 and parameters: {'learning_rate': 0.06917627314332657, 'max_depth': 7, 'n_estimators': 259, 'subsample': 0.5113605114596487, 'colsample_bytree': 0.6208359800966337}. Best is trial 3 with value: 6.190324662002239.
[2025-07-29T04:46:48.932+0000] {docker.py:438} INFO - [I 2025-07-29 04:46:48,929] Trial 15 finished with value: 6.711308478451418 and parameters: {'learning_rate': 0.1182966528039189, 'max_depth': 8, 'n_estimators': 248, 'subsample': 0.6863271136197668, 'colsample_bytree': 0.8023831421925471}. Best is trial 3 with value: 6.190324662002239.
[2025-07-29T04:46:49.097+0000] {docker.py:438} INFO - [I 2025-07-29 04:46:49,096] Trial 16 finished with value: 6.20581117039679 and parameters: {'learning_rate': 0.04752765332525013, 'max_depth': 4, 'n_estimators': 295, 'subsample': 0.8032376183470864, 'colsample_bytree': 0.5042459224617638}. Best is trial 3 with value: 6.190324662002239.
[2025-07-29T04:46:49.363+0000] {docker.py:438} INFO - [I 2025-07-29 04:46:49,361] Trial 17 finished with value: 6.260333580635977 and parameters: {'learning_rate': 0.04376080600015583, 'max_depth': 4, 'n_estimators': 140, 'subsample': 0.8025781353645672, 'colsample_bytree': 0.5112268573367386}. Best is trial 3 with value: 6.190324662002239.
[2025-07-29T04:46:49.608+0000] {docker.py:438} INFO - [I 2025-07-29 04:46:49,607] Trial 18 finished with value: 6.105003461078671 and parameters: {'learning_rate': 0.05002695752811274, 'max_depth': 4, 'n_estimators': 271, 'subsample': 0.9757345035942542, 'colsample_bytree': 0.6179255588187723}. Best is trial 18 with value: 6.105003461078671.
[2025-07-29T04:46:49.779+0000] {docker.py:438} INFO - [I 2025-07-29 04:46:49,778] Trial 19 finished with value: 6.595013216016277 and parameters: {'learning_rate': 0.11021167598384499, 'max_depth': 4, 'n_estimators': 269, 'subsample': 0.963427326181125, 'colsample_bytree': 0.6052025148625563}. Best is trial 18 with value: 6.105003461078671.
[2025-07-29T04:46:49.873+0000] {docker.py:438} INFO - [I 2025-07-29 04:46:49,873] Trial 20 finished with value: 6.198466447180166 and parameters: {'learning_rate': 0.044373079150789224, 'max_depth': 3, 'n_estimators': 238, 'subsample': 0.9153231195564966, 'colsample_bytree': 0.6053940504716183}. Best is trial 18 with value: 6.105003461078671.
[2025-07-29T04:46:49.977+0000] {docker.py:438} INFO - [I 2025-07-29 04:46:49,976] Trial 21 finished with value: 6.348603342608652 and parameters: {'learning_rate': 0.04123087366992415, 'max_depth': 3, 'n_estimators': 240, 'subsample': 0.9290153530810685, 'colsample_bytree': 0.601421930401727}. Best is trial 18 with value: 6.105003461078671.
[2025-07-29T04:46:50.080+0000] {docker.py:438} INFO - [I 2025-07-29 04:46:50,080] Trial 22 finished with value: 6.129991759435689 and parameters: {'learning_rate': 0.05808793321394584, 'max_depth': 3, 'n_estimators': 271, 'subsample': 0.9692059986786324, 'colsample_bytree': 0.6595700581997602}. Best is trial 18 with value: 6.105003461078671.
[2025-07-29T04:46:50.238+0000] {docker.py:438} INFO - [I 2025-07-29 04:46:50,238] Trial 23 finished with value: 6.500954451183283 and parameters: {'learning_rate': 0.09096028218385054, 'max_depth': 4, 'n_estimators': 278, 'subsample': 0.9936336710761667, 'colsample_bytree': 0.6574058777103475}. Best is trial 18 with value: 6.105003461078671.
